=== Main data statistics ===
Dataset type: train
Main data rows loaded: 2,408,699
Rows filtered by missing Y/derived values: 5,408
Rows filtered by cattle birth year: 1,065
Total rows filtered: 6,473 (0.2687%)

=== Lineage auxiliary data statistics ===
CATTLE_NO MATCH MISSING: 919,698 (38.2852%)
LINEAGE_FATHER_NO MISSING: 836,323 (34.8145%)
LINEAGE_MOTHER_NO MISSING: 837,148 (34.8488%)

=== Lineage offspring auxiliary data statistics ===
FATHER_PAST_OFFSPRING_COUNT MISSING: 836,323 (34.8145%)
MOTHER_PAST_OFFSPRING_COUNT MISSING: 837,148 (34.8488%)

=== Lineage offspring imputation statistics ===
FATHER_PAST_OFFSPRING_COUNT imputed: 442,401 (52.8983%)
FATHER_PAST_OFFSPRING_COUNT final MISSING: 393,922 (16.3982%)
MOTHER_PAST_OFFSPRING_COUNT imputed: 442,930 (52.9094%)
MOTHER_PAST_OFFSPRING_COUNT final MISSING: 394,218 (16.4105%)

=== Area auxiliary data statistics ===
FARM_AVG_HANWOO_COUNT MISSING: 37,197 (1.5484%)
FARM_AREA MISSING: 846,030 (35.2186%)
HANWOO_DENSITY MISSING: 846,030 (35.2186%)
HIGH processed rows: 3,457 (0.1439%)
MEDIUM processed rows: 9,569 (0.3983%)
INDIVIDUAL processed rows: 2,389,200 (99.4578%)

=== Death auxiliary data statistics ===
FARM_DEATH_AVG_COUNT MISSING: 515,193 (21.4465%)
FARM_BIOSECURITY_STATUS YES: 52,169 (2.1717%)
FARM_BIOSECURITY_STATUS NO: 286,704 (11.9349%)
FARM_BIOSECURITY_STATUS MISSING: 2,063,353 (85.8934%)
FARM_HEALTH_STATUS YES: 725,071 (30.1833%)
FARM_HEALTH_STATUS NO: 41,811 (1.7405%)
FARM_HEALTH_STATUS MISSING: 1,635,344 (68.0762%)
FARM_ACCIDENT_STATUS YES: 318,161 (13.2444%)
FARM_ACCIDENT_STATUS NO: 164,137 (6.8327%)
FARM_ACCIDENT_STATUS MISSING: 1,919,928 (79.9229%)
HIGH processed rows: 3,457 (0.1439%)
MEDIUM processed rows: 9,569 (0.3983%)
INDIVIDUAL processed rows: 2,389,200 (99.4578%)

=== Slaughter auxiliary data statistics ===
history_years: 5
min_sample_count: 5
age_tolerance_months: 12
use_season: True
PAST_SLAUGHTER_AVAILABLE YES: 2,263,879 (94.2409%)
PAST_SLAUGHTER_AVAILABLE NO: 138,347 (5.7591%)
TARGET_YEAR=2023 available: 640,502/778,636 (82.2595%)
TARGET_YEAR=2024 available: 833,579/833,703 (99.9851%)
TARGET_YEAR=2025 available: 789,798/789,887 (99.9887%)
PAST_SLAUGHTER_SAMPLE_COUNT MISSING: 0 (0.0000%)
PAST_SLAUGHTER_HISTORY_YEARS MISSING: 138,347 (5.7591%)
PAST_SLAUGHTER_AVAILABLE MISSING: 0 (0.0000%)
PAST_WEIGHT_MEAN MISSING: 138,347 (5.7591%)
PAST_WEIGHT_VARIANCE MISSING: 138,347 (5.7591%)
PAST_BACKFAT_MEAN MISSING: 138,347 (5.7591%)
PAST_BACKFAT_VARIANCE MISSING: 138,347 (5.7591%)
PAST_REA_MEAN MISSING: 138,347 (5.7591%)
PAST_REA_VARIANCE MISSING: 138,347 (5.7591%)
PAST_WINDEX_MEAN MISSING: 138,347 (5.7591%)
PAST_WINDEX_VARIANCE MISSING: 138,347 (5.7591%)
PAST_WGRADE_A_RATIO MISSING: 138,347 (5.7591%)
PAST_WGRADE_B_RATIO MISSING: 138,347 (5.7591%)
PAST_WGRADE_C_RATIO MISSING: 138,347 (5.7591%)
PAST_WGRADE_D_RATIO MISSING: 138,347 (5.7591%)
PAST_LAST_GRADE_1PPA_RATIO MISSING: 138,347 (5.7591%)
PAST_LAST_GRADE_1PPB_RATIO MISSING: 138,347 (5.7591%)
PAST_LAST_GRADE_1PPC_RATIO MISSING: 138,347 (5.7591%)
PAST_LAST_GRADE_1PA_RATIO MISSING: 138,347 (5.7591%)
PAST_LAST_GRADE_1PB_RATIO MISSING: 138,347 (5.7591%)
PAST_LAST_GRADE_1PC_RATIO MISSING: 138,347 (5.7591%)
PAST_LAST_GRADE_1A_RATIO MISSING: 138,347 (5.7591%)
PAST_LAST_GRADE_1B_RATIO MISSING: 138,347 (5.7591%)
PAST_LAST_GRADE_1C_RATIO MISSING: 138,347 (5.7591%)
PAST_LAST_GRADE_2A_RATIO MISSING: 138,347 (5.7591%)
PAST_LAST_GRADE_2B_RATIO MISSING: 138,347 (5.7591%)
PAST_LAST_GRADE_2C_RATIO MISSING: 138,347 (5.7591%)
PAST_LAST_GRADE_3A_RATIO MISSING: 138,347 (5.7591%)
PAST_LAST_GRADE_3B_RATIO MISSING: 138,347 (5.7591%)
PAST_LAST_GRADE_3C_RATIO MISSING: 138,347 (5.7591%)
PAST_LAST_GRADE_OUT_RATIO MISSING: 138,347 (5.7591%)
PAST_INSFAT_CLASS_0_RATIO MISSING: 138,347 (5.7591%)
PAST_INSFAT_CLASS_1_RATIO MISSING: 138,347 (5.7591%)
PAST_INSFAT_CLASS_2_RATIO MISSING: 138,347 (5.7591%)
PAST_INSFAT_CLASS_3_RATIO MISSING: 138,347 (5.7591%)
PAST_INSFAT_CLASS_4_RATIO MISSING: 138,347 (5.7591%)
PAST_YUKSAK_CLASS_0_RATIO MISSING: 138,347 (5.7591%)
PAST_YUKSAK_CLASS_1_RATIO MISSING: 138,347 (5.7591%)
PAST_YUKSAK_CLASS_2_RATIO MISSING: 138,347 (5.7591%)
PAST_YUKSAK_CLASS_3_RATIO MISSING: 138,347 (5.7591%)
PAST_YUKSAK_CLASS_4_RATIO MISSING: 138,347 (5.7591%)
PAST_FATSAK_CLASS_0_RATIO MISSING: 138,347 (5.7591%)
PAST_FATSAK_CLASS_1_RATIO MISSING: 138,347 (5.7591%)
PAST_FATSAK_CLASS_2_RATIO MISSING: 138,347 (5.7591%)
PAST_FATSAK_CLASS_3_RATIO MISSING: 138,347 (5.7591%)
PAST_FATSAK_CLASS_4_RATIO MISSING: 138,347 (5.7591%)
PAST_TISSUE_CLASS_0_RATIO MISSING: 138,347 (5.7591%)
PAST_TISSUE_CLASS_1_RATIO MISSING: 138,347 (5.7591%)
PAST_TISSUE_CLASS_2_RATIO MISSING: 138,347 (5.7591%)
PAST_TISSUE_CLASS_3_RATIO MISSING: 138,347 (5.7591%)
PAST_TISSUE_CLASS_4_RATIO MISSING: 138,347 (5.7591%)
PAST_GROWTH_NORMAL_RATIO MISSING: 138,347 (5.7591%)
PAST_GROWTH_ABNORMAL_RATIO MISSING: 138,347 (5.7591%)

=== Tabular data missing statistics ===
Total rows: 2,402,226
sido MISSING: 0 (0.0000%)
sigungu MISSING: 0 (0.0000%)
eupmyeondong MISSING: 0 (0.0000%)
stn MISSING: 0 (0.0000%)
ABATT_DATE MISSING: 0 (0.0000%)
JUDGE_DATE MISSING: 0 (0.0000%)
JUDGE_SEX MISSING: 0 (0.0000%)
WEIGHT MISSING: 0 (0.0000%)
AGE MISSING: 0 (0.0000%)
BIRTH_YMD MISSING: 0 (0.0000%)
CATTLE_NO MISSING: 0 (0.0000%)
FARM_UNIQUE_NO MISSING: 0 (0.0000%)
ABATT_SEASON MISSING: 0 (0.0000%)
BIRTH_SEASON MISSING: 0 (0.0000%)
LINEAGE_FATHER_NO MISSING: 836,323 (34.8145%)
LINEAGE_MOTHER_NO MISSING: 837,148 (34.8488%)
FATHER_PAST_OFFSPRING_COUNT MISSING: 393,922 (16.3982%)
MOTHER_PAST_OFFSPRING_COUNT MISSING: 394,218 (16.4105%)
FATHER_OFFSPRING_IMPUTED MISSING: 0 (0.0000%)
MOTHER_OFFSPRING_IMPUTED MISSING: 0 (0.0000%)
FARM_AVG_HANWOO_COUNT MISSING: 37,197 (1.5484%)
FARM_AREA MISSING: 846,030 (35.2186%)
HANWOO_DENSITY MISSING: 846,030 (35.2186%)
FARM_DEATH_AVG_COUNT MISSING: 515,193 (21.4465%)
FARM_BIOSECURITY_STATUS MISSING: 2,063,353 (85.8934%)
FARM_HEALTH_STATUS MISSING: 1,635,344 (68.0762%)
FARM_ACCIDENT_STATUS MISSING: 1,919,928 (79.9229%)
PAST_SLAUGHTER_SAMPLE_COUNT MISSING: 0 (0.0000%)
PAST_SLAUGHTER_HISTORY_YEARS MISSING: 138,347 (5.7591%)
PAST_SLAUGHTER_AVAILABLE MISSING: 0 (0.0000%)
PAST_WEIGHT_MEAN MISSING: 138,347 (5.7591%)
PAST_WEIGHT_VARIANCE MISSING: 138,347 (5.7591%)
PAST_BACKFAT_MEAN MISSING: 138,347 (5.7591%)
PAST_BACKFAT_VARIANCE MISSING: 138,347 (5.7591%)
PAST_REA_MEAN MISSING: 138,347 (5.7591%)
PAST_REA_VARIANCE MISSING: 138,347 (5.7591%)
PAST_WINDEX_MEAN MISSING: 138,347 (5.7591%)
PAST_WINDEX_VARIANCE MISSING: 138,347 (5.7591%)
PAST_WGRADE_A_RATIO MISSING: 138,347 (5.7591%)
PAST_WGRADE_B_RATIO MISSING: 138,347 (5.7591%)
PAST_WGRADE_C_RATIO MISSING: 138,347 (5.7591%)
PAST_WGRADE_D_RATIO MISSING: 138,347 (5.7591%)
PAST_LAST_GRADE_1PPA_RATIO MISSING: 138,347 (5.7591%)
PAST_LAST_GRADE_1PPB_RATIO MISSING: 138,347 (5.7591%)
PAST_LAST_GRADE_1PPC_RATIO MISSING: 138,347 (5.7591%)
PAST_LAST_GRADE_1PA_RATIO MISSING: 138,347 (5.7591%)
PAST_LAST_GRADE_1PB_RATIO MISSING: 138,347 (5.7591%)
PAST_LAST_GRADE_1PC_RATIO MISSING: 138,347 (5.7591%)
PAST_LAST_GRADE_1A_RATIO MISSING: 138,347 (5.7591%)
PAST_LAST_GRADE_1B_RATIO MISSING: 138,347 (5.7591%)
PAST_LAST_GRADE_1C_RATIO MISSING: 138,347 (5.7591%)
PAST_LAST_GRADE_2A_RATIO MISSING: 138,347 (5.7591%)
PAST_LAST_GRADE_2B_RATIO MISSING: 138,347 (5.7591%)
PAST_LAST_GRADE_2C_RATIO MISSING: 138,347 (5.7591%)
PAST_LAST_GRADE_3A_RATIO MISSING: 138,347 (5.7591%)
PAST_LAST_GRADE_3B_RATIO MISSING: 138,347 (5.7591%)
PAST_LAST_GRADE_3C_RATIO MISSING: 138,347 (5.7591%)
PAST_LAST_GRADE_OUT_RATIO MISSING: 138,347 (5.7591%)
PAST_INSFAT_CLASS_0_RATIO MISSING: 138,347 (5.7591%)
PAST_INSFAT_CLASS_1_RATIO MISSING: 138,347 (5.7591%)
PAST_INSFAT_CLASS_2_RATIO MISSING: 138,347 (5.7591%)
PAST_INSFAT_CLASS_3_RATIO MISSING: 138,347 (5.7591%)
PAST_INSFAT_CLASS_4_RATIO MISSING: 138,347 (5.7591%)
PAST_YUKSAK_CLASS_0_RATIO MISSING: 138,347 (5.7591%)
PAST_YUKSAK_CLASS_1_RATIO MISSING: 138,347 (5.7591%)
PAST_YUKSAK_CLASS_2_RATIO MISSING: 138,347 (5.7591%)
PAST_YUKSAK_CLASS_3_RATIO MISSING: 138,347 (5.7591%)
PAST_YUKSAK_CLASS_4_RATIO MISSING: 138,347 (5.7591%)
PAST_FATSAK_CLASS_0_RATIO MISSING: 138,347 (5.7591%)
PAST_FATSAK_CLASS_1_RATIO MISSING: 138,347 (5.7591%)
PAST_FATSAK_CLASS_2_RATIO MISSING: 138,347 (5.7591%)
PAST_FATSAK_CLASS_3_RATIO MISSING: 138,347 (5.7591%)
PAST_FATSAK_CLASS_4_RATIO MISSING: 138,347 (5.7591%)
PAST_TISSUE_CLASS_0_RATIO MISSING: 138,347 (5.7591%)
PAST_TISSUE_CLASS_1_RATIO MISSING: 138,347 (5.7591%)
PAST_TISSUE_CLASS_2_RATIO MISSING: 138,347 (5.7591%)
PAST_TISSUE_CLASS_3_RATIO MISSING: 138,347 (5.7591%)
PAST_TISSUE_CLASS_4_RATIO MISSING: 138,347 (5.7591%)
PAST_GROWTH_NORMAL_RATIO MISSING: 138,347 (5.7591%)
PAST_GROWTH_ABNORMAL_RATIO MISSING: 138,347 (5.7591%)
BACKFAT MISSING: 0 (0.0000%)
REA MISSING: 0 (0.0000%)
INSFAT MISSING: 0 (0.0000%)
YUKSAK MISSING: 0 (0.0000%)
FATSAK MISSING: 0 (0.0000%)
TISSUE MISSING: 0 (0.0000%)
GROWTH MISSING: 0 (0.0000%)
INSFAT_GRADE_CLASS MISSING: 0 (0.0000%)
YUKSAK_GRADE_CLASS MISSING: 0 (0.0000%)
FATSAK_GRADE_CLASS MISSING: 0 (0.0000%)
TISSUE_GRADE_CLASS MISSING: 0 (0.0000%)
GROWTH_STATUS_CLASS MISSING: 0 (0.0000%)
WINDEX MISSING: 0 (0.0000%)
WGRADE MISSING: 0 (0.0000%)
LAST_GRADE MISSING: 0 (0.0000%)

=== Build summary ===
dataset_type: train
source rows: 2,408,699
final rows: 2,402,226
filtered rows: 6,473
DATA_ROW_ID unique: 2,402,226
DATA_ROW_ID duplicates: 0
Saved merged data: /home/jung/workspace/uhmazing/data_processor/processed/hanwoo_train_merged.csv
Build completed: /home/jung/workspace/uhmazing/data_processor/processed/hanwoo_train_merged.csv
